<?xml version="1.0" encoding="utf-8"?>
<!DOCTYPE coverage SYSTEM "http://cobertura.sourceforge.net/xml/coverage-04.dtd">
<coverage line-rate="0.47091670544439274" branch-rate="0.3520900321543408" lines-covered="2024" lines-valid="4298" branches-covered="219" branches-valid="622" complexity="770" version="0" timestamp="1780232730">
  <sources>
    <source></source>
  </sources>
  <packages>
    <package name="NexTalk.Guild.Service" line-rate="0.4339702760084926" branch-rate="0.45689655172413796" complexity="316">
      <classes>
        <class name="&lt;Program&gt;F2BF13714EC2D7057A7F6E14EA4335E135A1AECE1A3540F69518C92315FC5EBDE__ZitadelBackchannelHandler" filename="https://raw.githubusercontent.com/nextalkhub/NexTalk/dc99455e6329ef7ca5ecff67193448a164d9a9e8/src/guild-service/NexTalk.Guild.Service/Program.cs" line-rate="0.4444444444444444" branch-rate="0" complexity="3">
          <methods>
            <method name="SendAsync" signature="(System.Net.Http.HttpRequestMessage,System.Threading.CancellationToken)" line-rate="0" branch-rate="0" complexity="2">
              <lines>
                <line number="474" hits="0" branch="false" />
                <line number="475" hits="0" branch="true" condition-coverage="0% (0/2)" />
                <line number="476" hits="0" branch="false" />
                <line number="477" hits="0" branch="false" />
                <line number="478" hits="0" branch="false" />
              </lines>
            </method>
            <method name=".ctor" signature="(System.String,System.String)" line-rate="1" branch-rate="1" complexity="1">
              <lines>
                <line number="466" hits="64" branch="false" />
                <line number="468" hits="64" branch="false" />
                <line number="469" hits="64" branch="false" />
                <line number="470" hits="64" branch="false" />
              </lines>
            </method>
          </methods>
          <lines>
            <line number="466" hits="64" branch="false" />
            <line number="468" hits="64" branch="false" />
            <line number="469" hits="64" branch="false" />
            <line number="470" hits="64" branch="false" />
            <line number="474" hits="0" branch="false" />
            <line number="475" hits="0" branch="true" condition-coverage="0% (0/2)" />
            <line number="476" hits="0" branch="false" />
            <line number="477" hits="0" branch="false" />
            <line number="478" hits="0" branch="false" />
          </lines>
        </class>
        <class name="ExcludeNonPublicEndpointsFilter" filename="https://raw.githubusercontent.com/nextalkhub/NexTalk/dc99455e6329ef7ca5ecff67193448a164d9a9e8/src/guild-service/NexTalk.Guild.Service/Program.cs" line-rate="0" branch-rate="0" complexity="3">
          <methods>
            <method name="Apply" signature="(Microsoft.OpenApi.Models.OpenApiDocument,Swashbuckle.AspNetCore.SwaggerGen.DocumentFilterContext)" line-rate="0" branch-rate="0" complexity="2">
              <lines>
                <line number="436" hits="0" branch="false" />
                <line number="437" hits="0" branch="false" />
                <line number="438" hits="0" branch="false" />
                <line number="440" hits="0" branch="true" condition-coverage="0% (0/2)" />
                <line number="441" hits="0" branch="false" />
                <line number="442" hits="0" branch="false" />
              </lines>
            </method>
            <method name=".cctor" signature="()" line-rate="0" branch-rate="1" complexity="1">
              <lines>
                <line number="431" hits="0" branch="false" />
                <line number="432" hits="0" branch="false" />
              </lines>
            </method>
          </methods>
          <lines>
            <line number="431" hits="0" branch="false" />
            <line number="432" hits="0" branch="false" />
            <line number="436" hits="0" branch="false" />
            <line number="437" hits="0" branch="false" />
            <line number="438" hits="0" branch="false" />
            <line number="440" hits="0" branch="true" condition-coverage="0% (0/2)" />
            <line number="441" hits="0" branch="false" />
            <line number="442" hits="0" branch="false" />
          </lines>
        </class>
        <class name="NexTalk.Guild.Service.Features.Channels.CreateChannel.CreateChannelEndpoint" filename="https://raw.githubusercontent.com/nextalkhub/NexTalk/dc99455e6329ef7ca5ecff67193448a164d9a9e8/src/guild-service/NexTalk.Guild.Service/Features/Channels/CreateChannel/CreateChannelEndpoint.cs" line-rate="1" branch-rate="1" complexity="1">
          <methods>
            <method name="Map" signature="(Microsoft.AspNetCore.Routing.IEndpointRouteBuilder)" line-rate="1" branch-rate="1" complexity="1">
              <lines>
                <line number="17" hits="64" branch="false" />
                <line number="18" hits="64" branch="false" />
                <line number="19" hits="64" branch="false" />
                <line number="20" hits="64" branch="false" />
                <line number="21" hits="64" branch="false" />
                <line number="22" hits="64" branch="false" />
                <line number="23" hits="64" branch="false" />
                <line number="24" hits="16" branch="false" />
                <line number="25" hits="16" branch="false" />
                <line number="26" hits="12" branch="false" />
                <line number="27" hits="12" branch="false" />
                <line number="28" hits="64" branch="false" />
                <line number="29" hits="64" branch="false" />
                <line number="30" hits="64" branch="false" />
                <line number="31" hits="64" branch="false" />
                <line number="32" hits="64" branch="false" />
                <line number="33" hits="64" branch="false" />
                <line number="34" hits="64" branch="false" />
                <line number="35" hits="64" branch="false" />
                <line number="36" hits="64" branch="false" />
                <line number="37" hits="64" branch="false" />
                <line number="38" hits="64" branch="false" />
              </lines>
            </method>
          </methods>
          <lines>
            <line number="17" hits="64" branch="false" />
            <line number="18" hits="64" branch="false" />
            <line number="19" hits="64" branch="false" />
            <line number="20" hits="64" branch="false" />
            <line number="21" hits="64" branch="false" />
            <line number="22" hits="64" branch="false" />
            <line number="23" hits="64" branch="false" />
            <line number="24" hits="16" branch="false" />
            <line number="25" hits="16" branch="false" />
            <line number="26" hits="12" branch="false" />
            <line number="27" hits="12" branch="false" />
            <line number="28" hits="64" branch="false" />
            <line number="29" hits="64" branch="false" />
            <line number="30" hits="64" branch="false" />
            <line number="31" hits="64" branch="false" />
            <line number="32" hits="64" branch="false" />
            <line number="33" hits="64" branch="false" />
            <line number="34" hits="64" branch="false" />
            <line number="35" hits="64" branch="false" />
            <line number="36" hits="64" branch="false" />
            <line number="37" hits="64" branch="false" />
            <line number="38" hits="64" branch="false" />
          </lines>
        </class>
        <class name="NexTalk.Guild.Service.Features.Channels.CreateChannel.CreateChannelHandler" filename="https://raw.githubusercontent.com/nextalkhub/NexTalk/dc99455e6329ef7ca5ecff67193448a164d9a9e8/src/guild-service/NexTalk.Guild.Service/Features/Channels/CreateChannel/CreateChannelHandler.cs" line-rate="1" branch-rate="1" complexity="3">
          <methods>
            <method name=".ctor" signature="(NexTalk.Guild.Service.Infrastructure.GuildDbContext,NexTalk.Guild.Service.Shared.RbacService,NexTalk.Guild.Service.Shared.WsGatewayClient,Microsoft.Extensions.Logging.ILogger`1&lt;NexTalk.Guild.Service.Features.Channels.CreateChannel.CreateChannelHandler&gt;)" line-rate="1" branch-rate="1" complexity="1">
              <lines>
                <line number="19" hits="30" branch="false" />
                <line number="20" hits="30" branch="false" />
                <line number="21" hits="30" branch="false" />
                <line number="22" hits="30" branch="false" />
                <line number="23" hits="30" branch="false" />
              </lines>
            </method>
            <method name="HandleAsync" signature="()" line-rate="1" branch-rate="1" complexity="2">
              <lines>
                <line number="27" hits="30" branch="true" condition-coverage="100% (2/2)" />
                <line number="28" hits="4" branch="false" />
                <line number="30" hits="26" branch="false" />
                <line number="32" hits="22" branch="false" />
                <line number="33" hits="22" branch="false" />
                <line number="34" hits="22" branch="false" />
                <line number="35" hits="22" branch="false" />
                <line number="36" hits="22" branch="false" />
                <line number="37" hits="22" branch="false" />
                <line number="38" hits="22" branch="false" />
                <line number="39" hits="22" branch="false" />
                <line number="41" hits="22" branch="false" />
                <line number="42" hits="22" branch="false" />
                <line number="44" hits="22" branch="false" />
                <line number="45" hits="22" branch="false" />
                <line number="49" hits="22" branch="false" />
                <line number="50" hits="22" branch="false" />
                <line number="51" hits="8" branch="false" />
                <line number="52" hits="42" branch="false" />
                <line number="54" hits="22" branch="false" />
                <line number="55" hits="22" branch="false" />
              </lines>
            </method>
          </methods>
          <lines>
            <line number="19" hits="30" branch="false" />
            <line number="20" hits="30" branch="false" />
            <line number="21" hits="30" branch="false" />
            <line number="22" hits="30" branch="false" />
            <line number="23" hits="30" branch="false" />
            <line number="27" hits="30" branch="true" condition-coverage="100% (2/2)" />
            <line number="28" hits="4" branch="false" />
            <line number="30" hits="26" branch="false" />
            <line number="32" hits="22" branch="false" />
            <line number="33" hits="22" branch="false" />
            <line number="34" hits="22" branch="false" />
            <line number="35" hits="22" branch="false" />
            <line number="36" hits="22" branch="false" />
            <line number="37" hits="22" branch="false" />
            <line number="38" hits="22" branch="false" />
            <line number="39" hits="22" branch="false" />
            <line number="41" hits="22" branch="false" />
            <line number="42" hits="22" branch="false" />
            <line number="44" hits="22" branch="false" />
            <line number="45" hits="22" branch="false" />
            <line number="49" hits="22" branch="false" />
            <line number="50" hits="22" branch="false" />
            <line number="51" hits="8" branch="false" />
            <line number="52" hits="42" branch="false" />
            <line number="54" hits="22" branch="false" />
            <line number="55" hits="22" branch="false" />
          </lines>
        </class>
        <class name="NexTalk.Guild.Service.Features.Channels.DeleteChannel.DeleteChannelEndpoint" filename="https://raw.githubusercontent.com/nextalkhub/NexTalk/dc99455e6329ef7ca5ecff67193448a164d9a9e8/src/guild-service/NexTalk.Guild.Service/Features/Channels/DeleteChannel/DeleteChannelEndpoint.cs" line-rate="1" branch-rate="1" complexity="1">
          <methods>
            <method name="Map" signature="(Microsoft.AspNetCore.Routing.IEndpointRouteBuilder)" line-rate="1" branch-rate="1" complexity="1">
              <lines>
                <line number="9" hits="64" branch="false" />
                <line number="10" hits="64" branch="false" />
                <line number="11" hits="64" branch="false" />
                <line number="12" hits="64" branch="false" />
                <line number="13" hits="64" branch="false" />
                <line number="14" hits="64" branch="false" />
                <line number="15" hits="64" branch="false" />
                <line number="16" hits="10" branch="false" />
                <line number="17" hits="10" branch="false" />
                <line number="18" hits="6" branch="false" />
                <line number="19" hits="6" branch="false" />
                <line number="20" hits="64" branch="false" />
                <line number="21" hits="64" branch="false" />
                <line number="22" hits="64" branch="false" />
                <line number="23" hits="64" branch="false" />
                <line number="24" hits="64" branch="false" />
                <line number="25" hits="64" branch="false" />
                <line number="26" hits="64" branch="false" />
                <line number="27" hits="64" branch="false" />
                <line number="28" hits="64" branch="false" />
                <line number="29" hits="64" branch="false" />
              </lines>
            </method>
          </methods>
          <lines>
            <line number="9" hits="64" branch="false" />
            <line number="10" hits="64" branch="false" />
            <line number="11" hits="64" branch="false" />
            <line number="12" hits="64" branch="false" />
            <line number="13" hits="64" branch="false" />
            <line number="14" hits="64" branch="false" />
            <line number="15" hits="64" branch="false" />
            <line number="16" hits="10" branch="false" />
            <line number="17" hits="10" branch="false" />
            <line number="18" hits="6" branch="false" />
            <line number="19" hits="6" branch="false" />
            <line number="20" hits="64" branch="false" />
            <line number="21" hits="64" branch="false" />
            <line number="22" hits="64" branch="false" />
            <line number="23" hits="64" branch="false" />
            <line number="24" hits="64" branch="false" />
            <line number="25" hits="64" branch="false" />
            <line number="26" hits="64" branch="false" />
            <line number="27" hits="64" branch="false" />
            <line number="28" hits="64" branch="false" />
            <line number="29" hits="64" branch="false" />
          </lines>
        </class>
        <class name="NexTalk.Guild.Service.Features.Channels.DeleteChannel.DeleteChannelHandler" filename="https://raw.githubusercontent.com/nextalkhub/NexTalk/dc99455e6329ef7ca5ecff67193448a164d9a9e8/src/guild-service/NexTalk.Guild.Service/Features/Channels/DeleteChannel/DeleteChannelHandler.cs" line-rate="0.9523809523809523" branch-rate="1" complexity="5">
          <methods>
            <method name=".ctor" signature="(NexTalk.Guild.Service.Infrastructure.GuildDbContext,NexTalk.Guild.Service.Shared.RbacService,NexTalk.Guild.Service.Shared.WsGatewayClient,NexTalk.Guild.Service.Shared.VoiceServiceClient,Microsoft.Extensions.Logging.ILogger`1&lt;NexTalk.Guild.Service.Features.Channels.DeleteChannel.DeleteChannelHandler&gt;)" line-rate="1" branch-rate="1" complexity="1">
              <lines>
                <line number="19" hits="24" branch="false" />
                <line number="20" hits="24" branch="false" />
                <line number="21" hits="24" branch="false" />
                <line number="22" hits="24" branch="false" />
                <line number="23" hits="24" branch="false" />
                <line number="24" hits="24" branch="false" />
              </lines>
            </method>
            <method name="HandleAsync" signature="()" line-rate="0.9333333333333333" branch-rate="1" complexity="4">
              <lines>
                <line number="28" hits="24" branch="true" condition-coverage="100% (2/2)" />
                <line number="29" hits="24" branch="false" />
                <line number="31" hits="20" branch="false" />
                <line number="33" hits="16" branch="true" condition-coverage="100% (2/2)" />
                <line number="35" hits="4" branch="false" />
                <line number="36" hits="0" branch="false" />
                <line number="39" hits="16" branch="false" />
                <line number="40" hits="16" branch="false" />
                <line number="42" hits="16" branch="false" />
                <line number="43" hits="16" branch="false" />
                <line number="47" hits="16" branch="false" />
                <line number="48" hits="16" branch="false" />
                <line number="49" hits="8" branch="false" />
                <line number="50" hits="24" branch="false" />
                <line number="51" hits="16" branch="false" />
              </lines>
            </method>
          </methods>
          <lines>
            <line number="19" hits="24" branch="false" />
            <line number="20" hits="24" branch="false" />
            <line number="21" hits="24" branch="false" />
            <line number="22" hits="24" branch="false" />
            <line number="23" hits="24" branch="false" />
            <line number="24" hits="24" branch="false" />
            <line number="28" hits="24" branch="true" condition-coverage="100% (2/2)" />
            <line number="29" hits="24" branch="false" />
            <line number="31" hits="20" branch="false" />
            <line number="33" hits="16" branch="true" condition-coverage="100% (2/2)" />
            <line number="35" hits="4" branch="false" />
            <line number="36" hits="0" branch="false" />
            <line number="39" hits="16" branch="false" />
            <line number="40" hits="16" branch="false" />
            <line number="42" hits="16" branch="false" />
            <line number="43" hits="16" branch="false" />
            <line number="47" hits="16" branch="false" />
            <line number="48" hits="16" branch="false" />
            <line number="49" hits="8" branch="false" />
            <line number="50" hits="24" branch="false" />
            <line number="51" hits="16" branch="false" />
          </lines>
        </class>
        <class name="NexTalk.Guild.Service.Features.Channels.GetChannels.GetChannelsEndpoint" filename="https://raw.githubusercontent.com/nextalkhub/NexTalk/dc99455e6329ef7ca5ecff67193448a164d9a9e8/src/guild-service/NexTalk.Guild.Service/Features/Channels/GetChannels/GetChannelsEndpoint.cs" line-rate="1" branch-rate="1" complexity="1">
          <methods>
            <method name="Map" signature="(Microsoft.AspNetCore.Routing.IEndpointRouteBuilder)" line-rate="1" branch-rate="1" complexity="1">
              <lines>
                <line number="8" hits="64" branch="false" />
                <line number="9" hits="64" branch="false" />
                <line number="10" hits="64" branch="false" />
                <line number="11" hits="64" branch="false" />
                <line number="12" hits="64" branch="false" />
                <line number="13" hits="10" branch="false" />
                <line number="14" hits="10" branch="false" />
                <line number="15" hits="10" branch="false" />
                <line number="16" hits="64" branch="false" />
                <line number="17" hits="64" branch="false" />
                <line number="18" hits="64" branch="false" />
                <line number="19" hits="64" branch="false" />
                <line number="20" hits="64" branch="false" />
                <line number="21" hits="64" branch="false" />
                <line number="22" hits="64" branch="false" />
                <line number="23" hits="64" branch="false" />
              </lines>
            </method>
          </methods>
          <lines>
            <line number="8" hits="64" branch="false" />
            <line number="9" hits="64" branch="false" />
            <line number="10" hits="64" branch="false" />
            <line number="11" hits="64" branch="false" />
            <line number="12" hits="64" branch="false" />
            <line number="13" hits="10" branch="false" />
            <line number="14" hits="10" branch="false" />
            <line number="15" hits="10" branch="false" />
            <line number="16" hits="64" branch="false" />
            <line number="17" hits="64" branch="false" />
            <line number="18" hits="64" branch="false" />
            <line number="19" hits="64" branch="false" />
            <line number="20" hits="64" branch="false" />
            <line number="21" hits="64" branch="false" />
            <line number="22" hits="64" branch="false" />
            <line number="23" hits="64" branch="false" />
          </lines>
        </class>
        <class name="NexTalk.Guild.Service.Features.Channels.GetChannels.GetChannelsHandler" filename="https://raw.githubusercontent.com/nextalkhub/NexTalk/dc99455e6329ef7ca5ecff67193448a164d9a9e8/src/guild-service/NexTalk.Guild.Service/Features/Channels/GetChannels/GetChannelsHandler.cs" line-rate="1" branch-rate="1" complexity="2">
          <methods>
            <method name=".ctor" signature="(NexTalk.Guild.Service.Infrastructure.GuildDbContext)" line-rate="1" branch-rate="1" complexity="1">
              <lines>
                <line number="13" hits="20" branch="false" />
                <line number="14" hits="20" branch="false" />
              </lines>
            </method>
            <method name="HandleAsync" signature="()" line-rate="1" branch-rate="1" complexity="1">
              <lines>
                <line number="18" hits="20" branch="false" />
                <line number="19" hits="20" branch="false" />
                <line number="20" hits="20" branch="false" />
                <line number="22" hits="20" branch="false" />
                <line number="23" hits="28" branch="false" />
                <line number="24" hits="20" branch="false" />
                <line number="25" hits="20" branch="false" />
              </lines>
            </method>
          </methods>
          <lines>
            <line number="13" hits="20" branch="false" />
            <line number="14" hits="20" branch="false" />
            <line number="18" hits="20" branch="false" />
            <line number="19" hits="20" branch="false" />
            <line number="20" hits="20" branch="false" />
            <line number="22" hits="20" branch="false" />
            <line number="23" hits="28" branch="false" />
            <line number="24" hits="20" branch="false" />
            <line number="25" hits="20" branch="false" />
          </lines>
        </class>
        <class name="NexTalk.Guild.Service.Features.Channels.RenameChannel.RenameChannelEndpoint" filename="https://raw.githubusercontent.com/nextalkhub/NexTalk/dc99455e6329ef7ca5ecff67193448a164d9a9e8/src/guild-service/NexTalk.Guild.Service/Features/Channels/RenameChannel/RenameChannelEndpoint.cs" line-rate="0.8" branch-rate="1" complexity="1">
          <methods>
            <method name="Map" signature="(Microsoft.AspNetCore.Routing.IEndpointRouteBuilder)" line-rate="0.8" branch-rate="1" complexity="1">
              <lines>
                <line number="13" hits="64" branch="false" />
                <line number="14" hits="64" branch="false" />
                <line number="15" hits="64" branch="false" />
                <line number="16" hits="64" branch="false" />
                <line number="17" hits="64" branch="false" />
                <line number="18" hits="64" branch="false" />
                <line number="19" hits="64" branch="false" />
                <line number="20" hits="64" branch="false" />
                <line number="21" hits="0" branch="false" />
                <line number="22" hits="0" branch="false" />
                <line number="23" hits="0" branch="false" />
                <line number="24" hits="0" branch="false" />
                <line number="25" hits="64" branch="false" />
                <line number="26" hits="64" branch="false" />
                <line number="27" hits="64" branch="false" />
                <line number="28" hits="64" branch="false" />
                <line number="29" hits="64" branch="false" />
                <line number="30" hits="64" branch="false" />
                <line number="31" hits="64" branch="false" />
                <line number="32" hits="64" branch="false" />
              </lines>
            </method>
          </methods>
          <lines>
            <line number="13" hits="64" branch="false" />
            <line number="14" hits="64" branch="false" />
            <line number="15" hits="64" branch="false" />
            <line number="16" hits="64" branch="false" />
            <line number="17" hits="64" branch="false" />
            <line number="18" hits="64" branch="false" />
            <line number="19" hits="64" branch="false" />
            <line number="20" hits="64" branch="false" />
            <line number="21" hits="0" branch="false" />
            <line number="22" hits="0" branch="false" />
            <line number="23" hits="0" branch="false" />
            <line number="24" hits="0" branch="false" />
            <line number="25" hits="64" branch="false" />
            <line number="26" hits="64" branch="false" />
            <line number="27" hits="64" branch="false" />
            <line number="28" hits="64" branch="false" />
            <line number="29" hits="64" branch="false" />
            <line number="30" hits="64" branch="false" />
            <line number="31" hits="64" branch="false" />
            <line number="32" hits="64" branch="false" />
          </lines>
        </class>
        <class name="NexTalk.Guild.Service.Features.Channels.RenameChannel.RenameChannelHandler" filename="https://raw.githubusercontent.com/nextalkhub/NexTalk/dc99455e6329ef7ca5ecff67193448a164d9a9e8/src/guild-service/NexTalk.Guild.Service/Features/Channels/RenameChannel/RenameChannelHandler.cs" line-rate="0" branch-rate="0" complexity="3">
          <methods>
            <method name=".ctor" signature="(NexTalk.Guild.Service.Infrastructure.GuildDbContext,NexTalk.Guild.Service.Shared.RbacService,NexTalk.Guild.Service.Shared.WsGatewayClient,Microsoft.Extensions.Logging.ILogger`1&lt;NexTalk.Guild.Service.Features.Channels.RenameChannel.RenameChannelHandler&gt;)" line-rate="0" branch-rate="1" complexity="1">
              <lines>
                <line number="18" hits="0" branch="false" />
                <line number="19" hits="0" branch="false" />
                <line number="20" hits="0" branch="false" />
                <line number="21" hits="0" branch="false" />
                <line number="22" hits="0" branch="false" />
              </lines>
            </method>
            <method name="HandleAsync" signature="()" line-rate="0" branch-rate="0" complexity="2">
              <lines>
                <line number="26" hits="0" branch="true" condition-coverage="0% (0/2)" />
                <line number="27" hits="0" branch="false" />
                <line number="28" hits="0" branch="false" />
                <line number="30" hits="0" branch="false" />
                <line number="32" hits="0" branch="false" />
                <line number="33" hits="0" branch="false" />
                <line number="35" hits="0" branch="false" />
                <line number="36" hits="0" branch="false" />
                <line number="40" hits="0" branch="false" />
                <line number="41" hits="0" branch="false" />
                <line number="42" hits="0" branch="false" />
                <line number="43" hits="0" branch="false" />
                <line number="45" hits="0" branch="false" />
                <line number="46" hits="0" branch="false" />
              </lines>
            </method>
          </methods>
          <lines>
            <line number="18" hits="0" branch="false" />
            <line number="19" hits="0" branch="false" />
            <line number="20" hits="0" branch="false" />
            <line number="21" hits="0" branch="false" />
            <line number="22" hits="0" branch="false" />
            <line number="26" hits="0" branch="true" condition-coverage="0% (0/2)" />
            <line number="27" hits="0" branch="false" />
            <line number="28" hits="0" branch="false" />
            <line number="30" hits="0" branch="false" />
            <line number="32" hits="0" branch="false" />
            <line number="33" hits="0" branch="false" />
            <line number="35" hits="0" branch="false" />
            <line number="36" hits="0" branch="false" />
            <line number="40" hits="0" branch="false" />
            <line number="41" hits="0" branch="false" />
            <line number="42" hits="0" branch="false" />
            <line number="43" hits="0" branch="false" />
            <line number="45" hits="0" branch="false" />
            <line number="46" hits="0" branch="false" />
          </lines>
        </class>
        <class name="NexTalk.Guild.Service.Features.Guilds.CreateGuild.CreateGuildEndpoint" filename="https://raw.githubusercontent.com/nextalkhub/NexTalk/dc99455e6329ef7ca5ecff67193448a164d9a9e8/src/guild-service/NexTalk.Guild.Service/Features/Guilds/CreateGuild/CreateGuildEndpoint.cs" line-rate="1" branch-rate="1" complexity="1">
          <methods>
            <method name="Map" signature="(Microsoft.AspNetCore.Routing.IEndpointRouteBuilder)" line-rate="1" branch-rate="1" complexity="1">
              <lines>
                <line number="18" hits="64" branch="false" />
                <line number="19" hits="64" branch="false" />
                <line number="20" hits="64" branch="false" />
                <line number="21" hits="64" branch="false" />
                <line number="22" hits="64" branch="false" />
                <line number="23" hits="64" branch="false" />
                <line number="24" hits="20" branch="false" />
                <line number="25" hits="20" branch="false" />
                <line number="26" hits="20" branch="false" />
                <line number="27" hits="20" branch="false" />
                <line number="28" hits="20" branch="false" />
                <line number="29" hits="20" branch="false" />
                <line number="30" hits="20" branch="false" />
                <line number="31" hits="20" branch="false" />
                <line number="32" hits="64" branch="false" />
                <line number="33" hits="64" branch="false" />
                <line number="34" hits="64" branch="false" />
                <line number="35" hits="64" branch="false" />
                <line number="36" hits="64" branch="false" />
                <line number="37" hits="64" branch="false" />
                <line number="38" hits="64" branch="false" />
              </lines>
            </method>
          </methods>
          <lines>
            <line number="18" hits="64" branch="false" />
            <line number="19" hits="64" branch="false" />
            <line number="20" hits="64" branch="false" />
            <line number="21" hits="64" branch="false" />
            <line number="22" hits="64" branch="false" />
            <line number="23" hits="64" branch="false" />
            <line number="24" hits="20" branch="false" />
            <line number="25" hits="20" branch="false" />
            <line number="26" hits="20" branch="false" />
            <line number="27" hits="20" branch="false" />
            <line number="28" hits="20" branch="false" />
            <line number="29" hits="20" branch="false" />
            <line number="30" hits="20" branch="false" />
            <line number="31" hits="20" branch="false" />
            <line number="32" hits="64" branch="false" />
            <line number="33" hits="64" branch="false" />
            <line number="34" hits="64" branch="false" />
            <line number="35" hits="64" branch="false" />
            <line number="36" hits="64" branch="false" />
            <line number="37" hits="64" branch="false" />
            <line number="38" hits="64" branch="false" />
          </lines>
        </class>
        <class name="NexTalk.Guild.Service.Features.Guilds.CreateGuild.CreateGuildHandler" filename="https://raw.githubusercontent.com/nextalkhub/NexTalk/dc99455e6329ef7ca5ecff67193448a164d9a9e8/src/guild-service/NexTalk.Guild.Service/Features/Guilds/CreateGuild/CreateGuildHandler.cs" line-rate="1" branch-rate="1" complexity="2">
          <methods>
            <method name=".ctor" signature="(NexTalk.Guild.Service.Infrastructure.GuildDbContext,Microsoft.Extensions.Logging.ILogger`1&lt;NexTalk.Guild.Service.Features.Guilds.CreateGuild.CreateGuildHandler&gt;)" line-rate="1" branch-rate="1" complexity="1">
              <lines>
                <line number="15" hits="30" branch="false" />
                <line number="16" hits="30" branch="false" />
                <line number="17" hits="30" branch="false" />
              </lines>
            </method>
            <method name="HandleAsync" signature="()" line-rate="1" branch-rate="1" complexity="1">
              <lines>
                <line number="21" hits="30" branch="false" />
                <line number="22" hits="30" branch="false" />
                <line number="23" hits="30" branch="false" />
                <line number="24" hits="30" branch="false" />
                <line number="25" hits="30" branch="false" />
                <line number="26" hits="30" branch="false" />
                <line number="27" hits="30" branch="false" />
                <line number="29" hits="30" branch="false" />
                <line number="30" hits="30" branch="false" />
                <line number="31" hits="30" branch="false" />
                <line number="32" hits="30" branch="false" />
                <line number="33" hits="30" branch="false" />
                <line number="34" hits="30" branch="false" />
                <line number="35" hits="30" branch="false" />
                <line number="36" hits="30" branch="false" />
                <line number="37" hits="30" branch="false" />
                <line number="39" hits="30" branch="false" />
                <line number="40" hits="30" branch="false" />
                <line number="41" hits="30" branch="false" />
                <line number="42" hits="30" branch="false" />
                <line number="43" hits="30" branch="false" />
                <line number="44" hits="30" branch="false" />
                <line number="45" hits="30" branch="false" />
                <line number="46" hits="30" branch="false" />
                <line number="48" hits="30" branch="false" />
                <line number="49" hits="30" branch="false" />
                <line number="50" hits="30" branch="false" />
                <line number="51" hits="30" branch="false" />
                <line number="53" hits="30" branch="false" />
                <line number="54" hits="30" branch="false" />
                <line number="56" hits="30" branch="false" />
                <line number="57" hits="30" branch="false" />
              </lines>
            </method>
          </methods>
          <lines>
            <line number="15" hits="30" branch="false" />
            <line number="16" hits="30" branch="false" />
            <line number="17" hits="30" branch="false" />
            <line number="21" hits="30" branch="false" />
            <line number="22" hits="30" branch="false" />
            <line number="23" hits="30" branch="false" />
            <line number="24" hits="30" branch="false" />
            <line number="25" hits="30" branch="false" />
            <line number="26" hits="30" branch="false" />
            <line number="27" hits="30" branch="false" />
            <line number="29" hits="30" branch="false" />
            <line number="30" hits="30" branch="false" />
            <line number="31" hits="30" branch="false" />
            <line number="32" hits="30" branch="false" />
            <line number="33" hits="30" branch="false" />
            <line number="34" hits="30" branch="false" />
            <line number="35" hits="30" branch="false" />
            <line number="36" hits="30" branch="false" />
            <line number="37" hits="30" branch="false" />
            <line number="39" hits="30" branch="false" />
            <line number="40" hits="30" branch="false" />
            <line number="41" hits="30" branch="false" />
            <line number="42" hits="30" branch="false" />
            <line number="43" hits="30" branch="false" />
            <line number="44" hits="30" branch="false" />
            <line number="45" hits="30" branch="false" />
            <line number="46" hits="30" branch="false" />
            <line number="48" hits="30" branch="false" />
            <line number="49" hits="30" branch="false" />
            <line number="50" hits="30" branch="false" />
            <line number="51" hits="30" branch="false" />
            <line number="53" hits="30" branch="false" />
            <line number="54" hits="30" branch="false" />
            <line number="56" hits="30" branch="false" />
            <line number="57" hits="30" branch="false" />
          </lines>
        </class>
        <class name="NexTalk.Guild.Service.Features.Guilds.DeleteGuild.DeleteGuildEndpoint" filename="https://raw.githubusercontent.com/nextalkhub/NexTalk/dc99455e6329ef7ca5ecff67193448a164d9a9e8/src/guild-service/NexTalk.Guild.Service/Features/Guilds/DeleteGuild/DeleteGuildEndpoint.cs" line-rate="1" branch-rate="1" complexity="1">
          <methods>
            <method name="Map" signature="(Microsoft.AspNetCore.Routing.IEndpointRouteBuilder)" line-rate="1" branch-rate="1" complexity="1">
              <lines>
                <line number="9" hits="64" branch="false" />
                <line number="10" hits="64" branch="false" />
                <line number="11" hits="64" branch="false" />
                <line number="12" hits="64" branch="false" />
                <line number="13" hits="64" branch="false" />
                <line number="14" hits="64" branch="false" />
                <line number="15" hits="12" branch="false" />
                <line number="16" hits="12" branch="false" />
                <line number="17" hits="8" branch="false" />
                <line number="18" hits="8" branch="false" />
                <line number="19" hits="64" branch="false" />
                <line number="20" hits="64" branch="false" />
                <line number="21" hits="64" branch="false" />
                <line number="22" hits="64" branch="false" />
                <line number="23" hits="64" branch="false" />
                <line number="24" hits="64" branch="false" />
                <line number="25" hits="64" branch="false" />
                <line number="26" hits="64" branch="false" />
                <line number="27" hits="64" branch="false" />
                <line number="28" hits="64" branch="false" />
              </lines>
            </method>
          </methods>
          <lines>
            <line number="9" hits="64" branch="false" />
            <line number="10" hits="64" branch="false" />
            <line number="11" hits="64" branch="false" />
            <line number="12" hits="64" branch="false" />
            <line number="13" hits="64" branch="false" />
            <line number="14" hits="64" branch="false" />
            <line number="15" hits="12" branch="false" />
            <line number="16" hits="12" branch="false" />
            <line number="17" hits="8" branch="false" />
            <line number="18" hits="8" branch="false" />
            <line number="19" hits="64" branch="false" />
            <line number="20" hits="64" branch="false" />
            <line number="21" hits="64" branch="false" />
            <line number="22" hits="64" branch="false" />
            <line number="23" hits="64" branch="false" />
            <line number="24" hits="64" branch="false" />
            <line number="25" hits="64" branch="false" />
            <line number="26" hits="64" branch="false" />
            <line number="27" hits="64" branch="false" />
            <line number="28" hits="64" branch="false" />
          </lines>
        </class>
        <class name="NexTalk.Guild.Service.Features.Guilds.DeleteGuild.DeleteGuildHandler" filename="https://raw.githubusercontent.com/nextalkhub/NexTalk/dc99455e6329ef7ca5ecff67193448a164d9a9e8/src/guild-service/NexTalk.Guild.Service/Features/Guilds/DeleteGuild/DeleteGuildHandler.cs" line-rate="0.9666666666666667" branch-rate="1" complexity="7">
          <methods>
            <method name=".ctor" signature="(NexTalk.Guild.Service.Infrastructure.GuildDbContext,NexTalk.Guild.Service.Shared.RbacService,NexTalk.Guild.Service.Shared.WsGatewayClient,NexTalk.Guild.Service.Shared.VoiceServiceClient,Microsoft.Extensions.Logging.ILogger`1&lt;NexTalk.Guild.Service.Features.Guilds.DeleteGuild.DeleteGuildHandler&gt;)" line-rate="1" branch-rate="1" complexity="1">
              <lines>
                <line number="19" hits="26" branch="false" />
                <line number="20" hits="26" branch="false" />
                <line number="21" hits="26" branch="false" />
                <line number="22" hits="26" branch="false" />
                <line number="23" hits="26" branch="false" />
                <line number="24" hits="26" branch="false" />
              </lines>
            </method>
            <method name="HandleAsync" signature="()" line-rate="0.9583333333333334" branch-rate="1" complexity="6">
              <lines>
                <line number="28" hits="26" branch="true" condition-coverage="100% (2/2)" />
                <line number="29" hits="26" branch="false" />
                <line number="31" hits="22" branch="true" condition-coverage="100% (2/2)" />
                <line number="32" hits="4" branch="false" />
                <line number="34" hits="18" branch="false" />
                <line number="35" hits="18" branch="false" />
                <line number="36" hits="18" branch="false" />
                <line number="38" hits="44" branch="true" condition-coverage="100% (2/2)" />
                <line number="42" hits="4" branch="false" />
                <line number="43" hits="4" branch="false" />
                <line number="44" hits="0" branch="false" />
                <line number="45" hits="4" branch="false" />
                <line number="47" hits="18" branch="false" />
                <line number="48" hits="18" branch="false" />
                <line number="49" hits="18" branch="false" />
                <line number="50" hits="18" branch="false" />
                <line number="51" hits="18" branch="false" />
                <line number="53" hits="18" branch="false" />
                <line number="55" hits="18" branch="false" />
                <line number="56" hits="18" branch="false" />
                <line number="60" hits="18" branch="false" />
                <line number="61" hits="8" branch="false" />
                <line number="62" hits="30" branch="false" />
                <line number="63" hits="18" branch="false" />
              </lines>
            </method>
          </methods>
          <lines>
            <line number="19" hits="26" branch="false" />
            <line number="20" hits="26" branch="false" />
            <line number="21" hits="26" branch="false" />
            <line number="22" hits="26" branch="false" />
            <line number="23" hits="26" branch="false" />
            <line number="24" hits="26" branch="false" />
            <line number="28" hits="26" branch="true" condition-coverage="100% (2/2)" />
            <line number="29" hits="26" branch="false" />
            <line number="31" hits="22" branch="true" condition-coverage="100% (2/2)" />
            <line number="32" hits="4" branch="false" />
            <line number="34" hits="18" branch="false" />
            <line number="35" hits="18" branch="false" />
            <line number="36" hits="18" branch="false" />
            <line number="38" hits="44" branch="true" condition-coverage="100% (2/2)" />
            <line number="42" hits="4" branch="false" />
            <line number="43" hits="4" branch="false" />
            <line number="44" hits="0" branch="false" />
            <line number="45" hits="4" branch="false" />
            <line number="47" hits="18" branch="false" />
            <line number="48" hits="18" branch="false" />
            <line number="49" hits="18" branch="false" />
            <line number="50" hits="18" branch="false" />
            <line number="51" hits="18" branch="false" />
            <line number="53" hits="18" branch="false" />
            <line number="55" hits="18" branch="false" />
            <line number="56" hits="18" branch="false" />
            <line number="60" hits="18" branch="false" />
            <line number="61" hits="8" branch="false" />
            <line number="62" hits="30" branch="false" />
            <line number="63" hits="18" branch="false" />
          </lines>
        </class>
        <class name="NexTalk.Guild.Service.Features.Guilds.GetUserGuilds.GetUserGuildsEndpoint" filename="https://raw.githubusercontent.com/nextalkhub/NexTalk/dc99455e6329ef7ca5ecff67193448a164d9a9e8/src/guild-service/NexTalk.Guild.Service/Features/Guilds/GetUserGuilds/GetUserGuildsEndpoint.cs" line-rate="0.7692307692307693" branch-rate="1" complexity="1">
          <methods>
            <method name="Map" signature="(Microsoft.AspNetCore.Routing.IEndpointRouteBuilder)" line-rate="0.7692307692307693" branch-rate="1" complexity="1">
              <lines>
                <line number="10" hits="64" branch="false" />
                <line number="11" hits="64" branch="false" />
                <line number="12" hits="64" branch="false" />
                <line number="13" hits="64" branch="false" />
                <line number="14" hits="64" branch="false" />
                <line number="15" hits="0" branch="false" />
                <line number="16" hits="0" branch="false" />
                <line number="17" hits="0" branch="false" />
                <line number="18" hits="64" branch="false" />
                <line number="19" hits="64" branch="false" />
                <line number="20" hits="64" branch="false" />
                <line number="21" hits="64" branch="false" />
                <line number="22" hits="64" branch="false" />
              </lines>
            </method>
          </methods>
          <lines>
            <line number="10" hits="64" branch="false" />
            <line number="11" hits="64" branch="false" />
            <line number="12" hits="64" branch="false" />
            <line number="13" hits="64" branch="false" />
            <line number="14" hits="64" branch="false" />
            <line number="15" hits="0" branch="false" />
            <line number="16" hits="0" branch="false" />
            <line number="17" hits="0" branch="false" />
            <line number="18" hits="64" branch="false" />
            <line number="19" hits="64" branch="false" />
            <line number="20" hits="64" branch="false" />
            <line number="21" hits="64" branch="false" />
            <line number="22" hits="64" branch="false" />
          </lines>
        </class>
        <class name="NexTalk.Guild.Service.Features.Guilds.GetUserGuilds.GetUserGuildsHandler" filename="https://raw.githubusercontent.com/nextalkhub/NexTalk/dc99455e6329ef7ca5ecff67193448a164d9a9e8/src/guild-service/NexTalk.Guild.Service/Features/Guilds/GetUserGuilds/GetUserGuildsHandler.cs" line-rate="0" branch-rate="1" complexity="2">
          <methods>
            <method name=".ctor" signature="(NexTalk.Guild.Service.Infrastructure.GuildDbContext)" line-rate="0" branch-rate="1" complexity="1">
              <lines>
                <line number="13" hits="0" branch="false" />
                <line number="14" hits="0" branch="false" />
              </lines>
            </method>
            <method name="HandleAsync" signature="()" line-rate="0" branch-rate="1" complexity="1">
              <lines>
                <line number="17" hits="0" branch="false" />
                <line number="18" hits="0" branch="false" />
                <line number="19" hits="0" branch="false" />
                <line number="20" hits="0" branch="false" />
              </lines>
            </method>
          </methods>
          <lines>
            <line number="13" hits="0" branch="false" />
            <line number="14" hits="0" branch="false" />
            <line number="17" hits="0" branch="false" />
            <line number="18" hits="0" branch="false" />
            <line number="19" hits="0" branch="false" />
            <line number="20" hits="0" branch="false" />
          </lines>
        </class>
        <class name="NexTalk.Guild.Service.Features.Guilds.UpdateGuild.UpdateGuildEndpoint" filename="https://raw.githubusercontent.com/nextalkhub/NexTalk/dc99455e6329ef7ca5ecff67193448a164d9a9e8/src/guild-service/NexTalk.Guild.Service/Features/Guilds/UpdateGuild/UpdateGuildEndpoint.cs" line-rate="0.7142857142857143" branch-rate="1" complexity="1">
          <methods>
            <method name="Map" signature="(Microsoft.AspNetCore.Routing.IEndpointRouteBuilder)" line-rate="0.7142857142857143" branch-rate="1" complexity="1">
              <lines>
                <line number="14" hits="64" branch="false" />
                <line number="15" hits="64" branch="false" />
                <line number="16" hits="64" branch="false" />
                <line number="17" hits="64" branch="false" />
                <line number="18" hits="64" branch="false" />
                <line number="19" hits="64" branch="false" />
                <line number="20" hits="64" branch="false" />
                <line number="21" hits="0" branch="false" />
                <line number="22" hits="0" branch="false" />
                <line number="23" hits="64" branch="false" />
                <line number="24" hits="0" branch="false" />
                <line number="25" hits="0" branch="false" />
                <line number="26" hits="0" branch="false" />
                <line number="27" hits="0" branch="false" />
                <line number="28" hits="64" branch="false" />
                <line number="29" hits="64" branch="false" />
                <line number="30" hits="64" branch="false" />
                <line number="31" hits="64" branch="false" />
                <line number="32" hits="64" branch="false" />
                <line number="33" hits="64" branch="false" />
                <line number="34" hits="64" branch="false" />
              </lines>
            </method>
          </methods>
          <lines>
            <line number="14" hits="64" branch="false" />
            <line number="15" hits="64" branch="false" />
            <line number="16" hits="64" branch="false" />
            <line number="17" hits="64" branch="false" />
            <line number="18" hits="64" branch="false" />
            <line number="19" hits="64" branch="false" />
            <line number="20" hits="64" branch="false" />
            <line number="21" hits="0" branch="false" />
            <line number="22" hits="0" branch="false" />
            <line number="23" hits="64" branch="false" />
            <line number="24" hits="0" branch="false" />
            <line number="25" hits="0" branch="false" />
            <line number="26" hits="0" branch="false" />
            <line number="27" hits="0" branch="false" />
            <line number="28" hits="64" branch="false" />
            <line number="29" hits="64" branch="false" />
            <line number="30" hits="64" branch="false" />
            <line number="31" hits="64" branch="false" />
            <line number="32" hits="64" branch="false" />
            <line number="33" hits="64" branch="false" />
            <line number="34" hits="64" branch="false" />
          </lines>
        </class>
        <class name="NexTalk.Guild.Service.Features.Guilds.UpdateGuild.UpdateGuildHandler" filename="https://raw.githubusercontent.com/nextalkhub/NexTalk/dc99455e6329ef7ca5ecff67193448a164d9a9e8/src/guild-service/NexTalk.Guild.Service/Features/Guilds/UpdateGuild/UpdateGuildHandler.cs" line-rate="0" branch-rate="0" complexity="5">
          <methods>
            <method name=".ctor" signature="(NexTalk.Guild.Service.Infrastructure.GuildDbContext,Microsoft.Extensions.Logging.ILogger`1&lt;NexTalk.Guild.Service.Features.Guilds.UpdateGuild.UpdateGuildHandler&gt;)" line-rate="0" branch-rate="1" complexity="1">
              <lines>
                <line number="15" hits="0" branch="false" />
                <line number="16" hits="0" branch="false" />
                <line number="17" hits="0" branch="false" />
              </lines>
            </method>
            <method name="HandleAsync" signature="()" line-rate="0" branch-rate="0" complexity="4">
              <lines>
                <line number="21" hits="0" branch="true" condition-coverage="0% (0/2)" />
                <line number="22" hits="0" branch="false" />
                <line number="24" hits="0" branch="true" condition-coverage="0% (0/2)" />
                <line number="25" hits="0" branch="false" />
                <line number="27" hits="0" branch="false" />
                <line number="28" hits="0" branch="false" />
                <line number="30" hits="0" branch="false" />
                <line number="31" hits="0" branch="false" />
                <line number="33" hits="0" branch="false" />
                <line number="34" hits="0" branch="false" />
              </lines>
            </method>
          </methods>
          <lines>
            <line number="15" hits="0" branch="false" />
            <line number="16" hits="0" branch="false" />
            <line number="17" hits="0" branch="false" />
            <line number="21" hits="0" branch="true" condition-coverage="0% (0/2)" />
            <line number="22" hits="0" branch="false" />
            <line number="24" hits="0" branch="true" condition-coverage="0% (0/2)" />
            <line number="25" hits="0" branch="false" />
            <line number="27" hits="0" branch="false" />
            <line number="28" hits="0" branch="false" />
            <line number="30" hits="0" branch="false" />
            <line number="31" hits="0" branch="false" />
            <line number="33" hits="0" branch="false" />
            <line number="34" hits="0" branch="false" />
          </lines>
        </class>
        <class name="NexTalk.Guild.Service.Features.Internal.CheckChannelAccess.CheckChannelAccessEndpoint" filename="https://raw.githubusercontent.com/nextalkhub/NexTalk/dc99455e6329ef7ca5ecff67193448a164d9a9e8/src/guild-service/NexTalk.Guild.Service/Features/Internal/CheckChannelAccess/CheckChannelAccessEndpoint.cs" line-rate="0.6923076923076923" branch-rate="1" complexity="1">
          <methods>
            <method name="Map" signature="(Microsoft.AspNetCore.Routing.IEndpointRouteBuilder)" line-rate="0.6923076923076923" branch-rate="1" complexity="1">
              <lines>
                <line number="6" hits="64" branch="false" />
                <line number="7" hits="64" branch="false" />
                <line number="8" hits="64" branch="false" />
                <line number="9" hits="64" branch="false" />
                <line number="10" hits="64" branch="false" />
                <line number="11" hits="64" branch="false" />
                <line number="12" hits="0" branch="false" />
                <line number="13" hits="64" branch="false" />
                <line number="14" hits="0" branch="false" />
                <line number="15" hits="0" branch="false" />
                <line number="16" hits="64" branch="false" />
                <line number="17" hits="0" branch="false" />
                <line number="18" hits="64" branch="false" />
              </lines>
            </method>
          </methods>
          <lines>
            <line number="6" hits="64" branch="false" />
            <line number="7" hits="64" branch="false" />
            <line number="8" hits="64" branch="false" />
            <line number="9" hits="64" branch="false" />
            <line number="10" hits="64" branch="false" />
            <line number="11" hits="64" branch="false" />
            <line number="12" hits="0" branch="false" />
            <line number="13" hits="64" branch="false" />
            <line number="14" hits="0" branch="false" />
            <line number="15" hits="0" branch="false" />
            <line number="16" hits="64" branch="false" />
            <line number="17" hits="0" branch="false" />
            <line number="18" hits="64" branch="false" />
          </lines>
        </class>
        <class name="NexTalk.Guild.Service.Features.Internal.CheckChannelAccess.CheckChannelAccessHandler" filename="https://raw.githubusercontent.com/nextalkhub/NexTalk/dc99455e6329ef7ca5ecff67193448a164d9a9e8/src/guild-service/NexTalk.Guild.Service/Features/Internal/CheckChannelAccess/CheckChannelAccessHandler.cs" line-rate="0" branch-rate="0" complexity="5">
          <methods>
            <method name=".ctor" signature="(NexTalk.Guild.Service.Infrastructure.GuildDbContext)" line-rate="0" branch-rate="1" complexity="1">
              <lines>
                <line number="12" hits="0" branch="false" />
                <line number="13" hits="0" branch="false" />
              </lines>
            </method>
            <method name="HandleAsync" signature="()" line-rate="0" branch-rate="0" complexity="4">
              <lines>
                <line number="19" hits="0" branch="false" />
                <line number="20" hits="0" branch="false" />
                <line number="22" hits="0" branch="true" condition-coverage="0% (0/2)" />
                <line number="23" hits="0" branch="false" />
                <line number="25" hits="0" branch="false" />
                <line number="26" hits="0" branch="false" />
                <line number="28" hits="0" branch="false" />
                <line number="29" hits="0" branch="true" condition-coverage="0% (0/2)" />
                <line number="30" hits="0" branch="false" />
              </lines>
            </method>
          </methods>
          <lines>
            <line number="12" hits="0" branch="false" />
            <line number="13" hits="0" branch="false" />
            <line number="19" hits="0" branch="false" />
            <line number="20" hits="0" branch="false" />
            <line number="22" hits="0" branch="true" condition-coverage="0% (0/2)" />
            <line number="23" hits="0" branch="false" />
            <line number="25" hits="0" branch="false" />
            <line number="26" hits="0" branch="false" />
            <line number="28" hits="0" branch="false" />
            <line number="29" hits="0" branch="true" condition-coverage="0% (0/2)" />
            <line number="30" hits="0" branch="false" />
          </lines>
        </class>
        <class name="NexTalk.Guild.Service.Features.Internal.GetGuildMembers.GetGuildMembersEndpoint" filename="https://raw.githubusercontent.com/nextalkhub/NexTalk/dc99455e6329ef7ca5ecff67193448a164d9a9e8/src/guild-service/NexTalk.Guild.Service/Features/Internal/GetGuildMembers/GetGuildMembersEndpoint.cs" line-rate="0.75" branch-rate="1" complexity="1">
          <methods>
            <method name="Map" signature="(Microsoft.AspNetCore.Routing.IEndpointRouteBuilder)" line-rate="0.75" branch-rate="1" complexity="1">
              <lines>
                <line number="6" hits="64" branch="false" />
                <line number="7" hits="64" branch="false" />
                <line number="8" hits="64" branch="false" />
                <line number="9" hits="64" branch="false" />
                <line number="10" hits="64" branch="false" />
                <line number="11" hits="0" branch="false" />
                <line number="12" hits="0" branch="false" />
                <line number="13" hits="64" branch="false" />
              </lines>
            </method>
          </methods>
          <lines>
            <line number="6" hits="64" branch="false" />
            <line number="7" hits="64" branch="false" />
            <line number="8" hits="64" branch="false" />
            <line number="9" hits="64" branch="false" />
            <line number="10" hits="64" branch="false" />
            <line number="11" hits="0" branch="false" />
            <line number="12" hits="0" branch="false" />
            <line number="13" hits="64" branch="false" />
          </lines>
        </class>
        <class name="NexTalk.Guild.Service.Features.Internal.GetGuildMembers.GetGuildMembersHandler" filename="https://raw.githubusercontent.com/nextalkhub/NexTalk/dc99455e6329ef7ca5ecff67193448a164d9a9e8/src/guild-service/NexTalk.Guild.Service/Features/Internal/GetGuildMembers/GetGuildMembersHandler.cs" line-rate="0" branch-rate="1" complexity="2">
          <methods>
            <method name=".ctor" signature="(NexTalk.Guild.Service.Infrastructure.GuildDbContext)" line-rate="0" branch-rate="1" complexity="1">
              <lines>
                <line number="13" hits="0" branch="false" />
                <line number="14" hits="0" branch="false" />
              </lines>
            </method>
            <method name="HandleAsync" signature="()" line-rate="0" branch-rate="1" complexity="1">
              <lines>
                <line number="17" hits="0" branch="false" />
                <line number="18" hits="0" branch="false" />
                <line number="19" hits="0" branch="false" />
                <line number="20" hits="0" branch="false" />
              </lines>
            </method>
          </methods>
          <lines>
            <line number="13" hits="0" branch="false" />
            <line number="14" hits="0" branch="false" />
            <line number="17" hits="0" branch="false" />
            <line number="18" hits="0" branch="false" />
            <line number="19" hits="0" branch="false" />
            <line number="20" hits="0" branch="false" />
          </lines>
        </class>
        <class name="NexTalk.Guild.Service.Features.Internal.GetUserGuildsInternal.GetUserGuildsInternalEndpoint" filename="https://raw.githubusercontent.com/nextalkhub/NexTalk/dc99455e6329ef7ca5ecff67193448a164d9a9e8/src/guild-service/NexTalk.Guild.Service/Features/Internal/GetUserGuildsInternal/GetUserGuildsInternalEndpoint.cs" line-rate="0.75" branch-rate="1" complexity="1">
          <methods>
            <method name="Map" signature="(Microsoft.AspNetCore.Routing.IEndpointRouteBuilder)" line-rate="0.75" branch-rate="1" complexity="1">
              <lines>
                <line number="6" hits="64" branch="false" />
                <line number="7" hits="64" branch="false" />
                <line number="8" hits="64" branch="false" />
                <line number="9" hits="64" branch="false" />
                <line number="10" hits="64" branch="false" />
                <line number="11" hits="0" branch="false" />
                <line number="12" hits="0" branch="false" />
                <line number="13" hits="64" branch="false" />
              </lines>
            </method>
          </methods>
          <lines>
            <line number="6" hits="64" branch="false" />
            <line number="7" hits="64" branch="false" />
            <line number="8" hits="64" branch="false" />
            <line number="9" hits="64" branch="false" />
            <line number="10" hits="64" branch="false" />
            <line number="11" hits="0" branch="false" />
            <line number="12" hits="0" branch="false" />
            <line number="13" hits="64" branch="false" />
          </lines>
        </class>
        <class name="NexTalk.Guild.Service.Features.Internal.GetUserGuildsInternal.GetUserGuildsInternalHandler" filename="https://raw.githubusercontent.com/nextalkhub/NexTalk/dc99455e6329ef7ca5ecff67193448a164d9a9e8/src/guild-service/NexTalk.Guild.Service/Features/Internal/GetUserGuildsInternal/GetUserGuildsInternalHandler.cs" line-rate="0" branch-rate="1" complexity="2">
          <methods>
            <method name=".ctor" signature="(NexTalk.Guild.Service.Infrastructure.GuildDbContext)" line-rate="0" branch-rate="1" complexity="1">
              <lines>
                <line number="13" hits="0" branch="false" />
                <line number="14" hits="0" branch="false" />
              </lines>
            </method>
            <method name="HandleAsync" signature="()" line-rate="0" branch-rate="1" complexity="1">
              <lines>
                <line number="17" hits="0" branch="false" />
                <line number="18" hits="0" branch="false" />
                <line number="19" hits="0" branch="false" />
                <line number="20" hits="0" branch="false" />
              </lines>
            </method>
          </methods>
          <lines>
            <line number="13" hits="0" branch="false" />
            <line number="14" hits="0" branch="false" />
            <line number="17" hits="0" branch="false" />
            <line number="18" hits="0" branch="false" />
            <line number="19" hits="0" branch="false" />
            <line number="20" hits="0" branch="false" />
          </lines>
        </class>
        <class name="NexTalk.Guild.Service.Features.Invites.AcceptInvite.AcceptInviteEndpoint" filename="https://raw.githubusercontent.com/nextalkhub/NexTalk/dc99455e6329ef7ca5ecff67193448a164d9a9e8/src/guild-service/NexTalk.Guild.Service/Features/Invites/AcceptInvite/AcceptInviteEndpoint.cs" line-rate="1" branch-rate="1" complexity="1">
          <methods>
            <method name="Map" signature="(Microsoft.AspNetCore.Routing.IEndpointRouteBuilder)" line-rate="1" branch-rate="1" complexity="1">
              <lines>
                <line number="10" hits="64" branch="false" />
                <line number="11" hits="64" branch="false" />
                <line number="12" hits="64" branch="false" />
                <line number="13" hits="64" branch="false" />
                <line number="14" hits="64" branch="false" />
                <line number="15" hits="64" branch="false" />
                <line number="16" hits="12" branch="false" />
                <line number="17" hits="12" branch="false" />
                <line number="18" hits="12" branch="false" />
                <line number="19" hits="12" branch="false" />
                <line number="20" hits="12" branch="false" />
                <line number="21" hits="12" branch="false" />
                <line number="22" hits="4" branch="false" />
                <line number="23" hits="4" branch="false" />
                <line number="24" hits="64" branch="false" />
                <line number="25" hits="64" branch="false" />
                <line number="26" hits="64" branch="false" />
                <line number="27" hits="64" branch="false" />
                <line number="28" hits="64" branch="false" />
                <line number="29" hits="64" branch="false" />
                <line number="30" hits="64" branch="false" />
                <line number="31" hits="64" branch="false" />
                <line number="32" hits="64" branch="false" />
                <line number="33" hits="64" branch="false" />
                <line number="34" hits="64" branch="false" />
              </lines>
            </method>
          </methods>
          <lines>
            <line number="10" hits="64" branch="false" />
            <line number="11" hits="64" branch="false" />
            <line number="12" hits="64" branch="false" />
            <line number="13" hits="64" branch="false" />
            <line number="14" hits="64" branch="false" />
            <line number="15" hits="64" branch="false" />
            <line number="16" hits="12" branch="false" />
            <line number="17" hits="12" branch="false" />
            <line number="18" hits="12" branch="false" />
            <line number="19" hits="12" branch="false" />
            <line number="20" hits="12" branch="false" />
            <line number="21" hits="12" branch="false" />
            <line number="22" hits="4" branch="false" />
            <line number="23" hits="4" branch="false" />
            <line number="24" hits="64" branch="false" />
            <line number="25" hits="64" branch="false" />
            <line number="26" hits="64" branch="false" />
            <line number="27" hits="64" branch="false" />
            <line number="28" hits="64" branch="false" />
            <line number="29" hits="64" branch="false" />
            <line number="30" hits="64" branch="false" />
            <line number="31" hits="64" branch="false" />
            <line number="32" hits="64" branch="false" />
            <line number="33" hits="64" branch="false" />
            <line number="34" hits="64" branch="false" />
          </lines>
        </class>
        <class name="NexTalk.Guild.Service.Features.Invites.AcceptInvite.AcceptInviteHandler" filename="https://raw.githubusercontent.com/nextalkhub/NexTalk/dc99455e6329ef7ca5ecff67193448a164d9a9e8/src/guild-service/NexTalk.Guild.Service/Features/Invites/AcceptInvite/AcceptInviteHandler.cs" line-rate="1" branch-rate="0.8333333333333334" complexity="13">
          <methods>
            <method name=".ctor" signature="(NexTalk.Guild.Service.Infrastructure.GuildDbContext,NexTalk.Guild.Service.Shared.WsGatewayClient,NexTalk.Guild.Service.Features.Invites.AcceptInvite.IInviteRepository,Microsoft.Extensions.Logging.ILogger`1&lt;NexTalk.Guild.Service.Features.Invites.AcceptInvite.AcceptInviteHandler&gt;)" line-rate="1" branch-rate="1" complexity="1">
              <lines>
                <line number="19" hits="24" branch="false" />
                <line number="20" hits="24" branch="false" />
                <line number="21" hits="24" branch="false" />
                <line number="22" hits="24" branch="false" />
                <line number="23" hits="24" branch="false" />
              </lines>
            </method>
            <method name="HandleAsync" signature="()" line-rate="1" branch-rate="0.8333333333333334" complexity="12">
              <lines>
                <line number="27" hits="24" branch="true" condition-coverage="100% (2/2)" />
                <line number="28" hits="24" branch="false" />
                <line number="29" hits="24" branch="false" />
                <line number="30" hits="24" branch="false" />
                <line number="31" hits="24" branch="false" />
                <line number="33" hits="20" branch="false" />
                <line number="34" hits="20" branch="true" condition-coverage="100% (2/2)" />
                <line number="35" hits="4" branch="false" />
                <line number="37" hits="16" branch="false" />
                <line number="38" hits="16" branch="true" condition-coverage="100% (2/2)" />
                <line number="39" hits="4" branch="false" />
                <line number="41" hits="12" branch="false" />
                <line number="42" hits="12" branch="true" condition-coverage="100% (2/2)" />
                <line number="43" hits="4" branch="false" />
                <line number="45" hits="8" branch="true" condition-coverage="50% (1/2)" />
                <line number="46" hits="8" branch="false" />
                <line number="48" hits="8" branch="false" />
                <line number="49" hits="8" branch="false" />
                <line number="50" hits="8" branch="false" />
                <line number="51" hits="8" branch="false" />
                <line number="52" hits="8" branch="false" />
                <line number="53" hits="8" branch="false" />
                <line number="54" hits="8" branch="false" />
                <line number="55" hits="8" branch="false" />
                <line number="56" hits="8" branch="false" />
                <line number="58" hits="8" branch="false" />
                <line number="59" hits="8" branch="false" />
                <line number="61" hits="8" branch="false" />
                <line number="62" hits="8" branch="false" />
                <line number="66" hits="8" branch="false" />
                <line number="67" hits="8" branch="false" />
                <line number="68" hits="4" branch="false" />
                <line number="69" hits="12" branch="false" />
                <line number="71" hits="8" branch="false" />
                <line number="72" hits="8" branch="false" />
                <line number="73" hits="8" branch="false" />
                <line number="74" hits="8" branch="false" />
                <line number="75" hits="8" branch="false" />
                <line number="77" hits="8" branch="true" condition-coverage="50% (1/2)" />
                <line number="78" hits="8" branch="false" />
              </lines>
            </method>
          </methods>
          <lines>
            <line number="19" hits="24" branch="false" />
            <line number="20" hits="24" branch="false" />
            <line number="21" hits="24" branch="false" />
            <line number="22" hits="24" branch="false" />
            <line number="23" hits="24" branch="false" />
            <line number="27" hits="24" branch="true" condition-coverage="100% (2/2)" />
            <line number="28" hits="24" branch="false" />
            <line number="29" hits="24" branch="false" />
            <line number="30" hits="24" branch="false" />
            <line number="31" hits="24" branch="false" />
            <line number="33" hits="20" branch="false" />
            <line number="34" hits="20" branch="true" condition-coverage="100% (2/2)" />
            <line number="35" hits="4" branch="false" />
            <line number="37" hits="16" branch="false" />
            <line number="38" hits="16" branch="true" condition-coverage="100% (2/2)" />
            <line number="39" hits="4" branch="false" />
            <line number="41" hits="12" branch="false" />
            <line number="42" hits="12" branch="true" condition-coverage="100% (2/2)" />
            <line number="43" hits="4" branch="false" />
            <line number="45" hits="8" branch="true" condition-coverage="50% (1/2)" />
            <line number="46" hits="8" branch="false" />
            <line number="48" hits="8" branch="false" />
            <line number="49" hits="8" branch="false" />
            <line number="50" hits="8" branch="false" />
            <line number="51" hits="8" branch="false" />
            <line number="52" hits="8" branch="false" />
            <line number="53" hits="8" branch="false" />
            <line number="54" hits="8" branch="false" />
            <line number="55" hits="8" branch="false" />
            <line number="56" hits="8" branch="false" />
            <line number="58" hits="8" branch="false" />
            <line number="59" hits="8" branch="false" />
            <line number="61" hits="8" branch="false" />
            <line number="62" hits="8" branch="false" />
            <line number="66" hits="8" branch="false" />
            <line number="67" hits="8" branch="false" />
            <line number="68" hits="4" branch="false" />
            <line number="69" hits="12" branch="false" />
            <line number="71" hits="8" branch="false" />
            <line number="72" hits="8" branch="false" />
            <line number="73" hits="8" branch="false" />
            <line number="74" hits="8" branch="false" />
            <line number="75" hits="8" branch="false" />
            <line number="77" hits="8" branch="true" condition-coverage="50% (1/2)" />
            <line number="78" hits="8" branch="false" />
          </lines>
        </class>
        <class name="NexTalk.Guild.Service.Features.Invites.AcceptInvite.InviteRepository" filename="https://raw.githubusercontent.com/nextalkhub/NexTalk/dc99455e6329ef7ca5ecff67193448a164d9a9e8/src/guild-service/NexTalk.Guild.Service/Features/Invites/AcceptInvite/InviteRepository.cs" line-rate="0" branch-rate="1" complexity="1">
          <methods>
            <method name="TryClaimAsync" signature="()" line-rate="0" branch-rate="1" complexity="1">
              <lines>
                <line number="10" hits="0" branch="false" />
                <line number="11" hits="0" branch="false" />
                <line number="12" hits="0" branch="false" />
                <line number="13" hits="0" branch="false" />
                <line number="14" hits="0" branch="false" />
                <line number="15" hits="0" branch="false" />
                <line number="16" hits="0" branch="false" />
                <line number="18" hits="0" branch="false" />
                <line number="19" hits="0" branch="false" />
              </lines>
            </method>
          </methods>
          <lines>
            <line number="10" hits="0" branch="false" />
            <line number="11" hits="0" branch="false" />
            <line number="12" hits="0" branch="false" />
            <line number="13" hits="0" branch="false" />
            <line number="14" hits="0" branch="false" />
            <line number="15" hits="0" branch="false" />
            <line number="16" hits="0" branch="false" />
            <line number="18" hits="0" branch="false" />
            <line number="19" hits="0" branch="false" />
          </lines>
        </class>
        <class name="NexTalk.Guild.Service.Features.Invites.CreateInvite.CreateInviteEndpoint" filename="https://raw.githubusercontent.com/nextalkhub/NexTalk/dc99455e6329ef7ca5ecff67193448a164d9a9e8/src/guild-service/NexTalk.Guild.Service/Features/Invites/CreateInvite/CreateInviteEndpoint.cs" line-rate="1" branch-rate="1" complexity="23">
          <methods>
            <method name="Map" signature="(Microsoft.AspNetCore.Routing.IEndpointRouteBuilder)" line-rate="1" branch-rate="1" complexity="1">
              <lines>
                <line number="20" hits="64" branch="false" />
                <line number="21" hits="64" branch="false" />
                <line number="22" hits="64" branch="false" />
                <line number="23" hits="64" branch="false" />
                <line number="24" hits="64" branch="false" />
                <line number="25" hits="64" branch="false" />
                <line number="26" hits="64" branch="false" />
                <line number="27" hits="22" branch="false" />
                <line number="28" hits="64" branch="false" />
                <line number="29" hits="16" branch="false" />
                <line number="30" hits="16" branch="false" />
                <line number="31" hits="10" branch="false" />
                <line number="32" hits="10" branch="false" />
                <line number="33" hits="64" branch="false" />
                <line number="34" hits="64" branch="false" />
                <line number="35" hits="64" branch="false" />
                <line number="36" hits="64" branch="false" />
                <line number="37" hits="64" branch="false" />
                <line number="38" hits="64" branch="false" />
                <line number="39" hits="64" branch="false" />
                <line number="40" hits="64" branch="false" />
[...]
                <line number="228" hits="30" branch="false" />
                <line number="229" hits="30" branch="false" />
                <line number="230" hits="30" branch="false" />
                <line number="231" hits="30" branch="false" />
                <line number="232" hits="30" branch="false" />
                <line number="233" hits="30" branch="false" />
                <line number="234" hits="30" branch="false" />
                <line number="235" hits="30" branch="false" />
                <line number="236" hits="30" branch="false" />
                <line number="237" hits="30" branch="false" />
                <line number="238" hits="60" branch="false" />
                <line number="240" hits="30" branch="true" condition-coverage="50% (1/2)" />
                <line number="241" hits="30" branch="false" />
                <line number="243" hits="30" branch="false" />
                <line number="245" hits="30" branch="false" />
                <line number="247" hits="30" branch="true" condition-coverage="100% (2/2)" />
                <line number="249" hits="30" branch="false" />
                <line number="250" hits="30" branch="false" />
                <line number="251" hits="30" branch="false" />
                <line number="252" hits="30" branch="false" />
                <line number="253" hits="30" branch="false" />
                <line number="254" hits="30" branch="false" />
                <line number="255" hits="30" branch="false" />
                <line number="256" hits="30" branch="false" />
                <line number="257" hits="30" branch="false" />
                <line number="258" hits="60" branch="false" />
                <line number="261" hits="30" branch="false" />
                <line number="262" hits="30" branch="false" />
                <line number="263" hits="30" branch="false" />
                <line number="265" hits="60" branch="false" />
                <line number="266" hits="60" branch="false" />
                <line number="267" hits="10" branch="false" />
                <line number="268" hits="10" branch="false" />
                <line number="269" hits="10" branch="false" />
                <line number="270" hits="6" branch="false" />
                <line number="271" hits="2" branch="false" />
                <line number="272" hits="2" branch="false" />
                <line number="273" hits="0" branch="false" />
                <line number="274" hits="10" branch="false" />
                <line number="275" hits="60" branch="false" />
                <line number="276" hits="10" branch="false" />
                <line number="277" hits="0" branch="false" />
                <line number="278" hits="0" branch="false" />
                <line number="279" hits="60" branch="false" />
                <line number="280" hits="10" branch="false" />
                <line number="281" hits="10" branch="false" />
                <line number="282" hits="70" branch="false" />
                <line number="284" hits="30" branch="false" />
                <line number="286" hits="30" branch="false" />
                <line number="288" hits="30" branch="false" />
                <line number="289" hits="60" branch="false" />
                <line number="290" hits="60" branch="false" />
                <line number="291" hits="18" branch="true" condition-coverage="100% (4/4)" />
                <line number="292" hits="18" branch="false" />
                <line number="293" hits="18" branch="false" />
                <line number="294" hits="18" branch="false" />
                <line number="295" hits="18" branch="true" condition-coverage="67% (4/6)" />
                <line number="296" hits="78" branch="false" />
                <line number="299" hits="30" branch="false" />
                <line number="300" hits="30" branch="false" />
                <line number="303" hits="30" branch="false" />
                <line number="304" hits="30" branch="false" />
                <line number="306" hits="30" branch="false" />
                <line number="307" hits="30" branch="false" />
                <line number="308" hits="30" branch="false" />
                <line number="309" hits="30" branch="false" />
                <line number="310" hits="0" branch="false" />
                <line number="311" hits="30" branch="false" />
                <line number="312" hits="30" branch="false" />
                <line number="314" hits="30" branch="false" />
                <line number="316" hits="30" branch="false" />
              </lines>
            </method>
          </methods>
          <lines>
            <line number="28" hits="88" branch="false" />
            <line number="30" hits="30" branch="false" />
            <line number="32" hits="30" branch="false" />
            <line number="34" hits="60" branch="false" />
            <line number="36" hits="30" branch="false" />
            <line number="37" hits="30" branch="true" condition-coverage="50% (2/4)" />
            <line number="38" hits="30" branch="false" />
            <line number="39" hits="30" branch="false" />
            <line number="40" hits="30" branch="false" />
            <line number="41" hits="60" branch="false" />
            <line number="42" hits="60" branch="false" />
            <line number="43" hits="60" branch="false" />
            <line number="44" hits="30" branch="false" />
            <line number="45" hits="30" branch="false" />
            <line number="46" hits="102" branch="true" condition-coverage="100% (4/4)" />
            <line number="47" hits="102" branch="false" />
            <line number="48" hits="102" branch="false" />
            <line number="49" hits="30" branch="false" />
            <line number="50" hits="60" branch="false" />
            <line number="51" hits="60" branch="false" />
            <line number="53" hits="30" branch="false" />
            <line number="54" hits="30" branch="false" />
            <line number="55" hits="30" branch="false" />
            <line number="56" hits="30" branch="false" />
            <line number="57" hits="30" branch="false" />
            <line number="58" hits="60" branch="false" />
            <line number="60" hits="30" branch="true" condition-coverage="50% (1/2)" />
            <line number="61" hits="30" branch="true" condition-coverage="50% (1/2)" />
            <line number="62" hits="30" branch="false" />
            <line number="63" hits="30" branch="false" />
            <line number="65" hits="30" branch="true" condition-coverage="50% (1/2)" />
            <line number="66" hits="30" branch="true" condition-coverage="50% (1/2)" />
            <line number="68" hits="30" branch="false" />
            <line number="69" hits="30" branch="true" condition-coverage="0% (0/2)" />
            <line number="70" hits="30" branch="false" />
            <line number="71" hits="30" branch="false" />
            <line number="72" hits="30" branch="false" />
            <line number="73" hits="30" branch="false" />
            <line number="74" hits="30" branch="false" />
            <line number="77" hits="30" branch="false" />
            <line number="80" hits="42" branch="false" />
            <line number="81" hits="30" branch="false" />
            <line number="82" hits="30" branch="false" />
            <line number="83" hits="30" branch="false" />
            <line number="84" hits="12" branch="false" />
            <line number="85" hits="12" branch="false" />
            <line number="86" hits="12" branch="false" />
            <line number="87" hits="12" branch="false" />
            <line number="88" hits="12" branch="false" />
            <line number="89" hits="12" branch="false" />
            <line number="90" hits="12" branch="false" />
            <line number="91" hits="12" branch="false" />
            <line number="92" hits="12" branch="false" />
            <line number="93" hits="0" branch="true" condition-coverage="0% (0/2)" />
            <line number="94" hits="0" branch="false" />
            <line number="95" hits="0" branch="false" />
            <line number="96" hits="12" branch="false" />
            <line number="97" hits="12" branch="false" />
            <line number="98" hits="12" branch="false" />
            <line number="99" hits="12" branch="false" />
            <line number="100" hits="12" branch="false" />
            <line number="101" hits="12" branch="false" />
            <line number="102" hits="12" branch="false" />
            <line number="103" hits="12" branch="false" />
            <line number="104" hits="12" branch="false" />
            <line number="105" hits="12" branch="false" />
            <line number="106" hits="0" branch="true" condition-coverage="0% (0/2)" />
            <line number="107" hits="0" branch="false" />
            <line number="108" hits="0" branch="false" />
            <line number="109" hits="12" branch="false" />
            <line number="110" hits="12" branch="false" />
            <line number="111" hits="12" branch="false" />
            <line number="112" hits="0" branch="false" />
            <line number="113" hits="0" branch="false" />
            <line number="114" hits="12" branch="false" />
            <line number="115" hits="12" branch="false" />
            <line number="116" hits="12" branch="false" />
            <line number="117" hits="42" branch="false" />
            <line number="120" hits="54" branch="false" />
            <line number="121" hits="30" branch="false" />
            <line number="122" hits="30" branch="false" />
            <line number="123" hits="24" branch="false" />
            <line number="124" hits="24" branch="false" />
            <line number="125" hits="24" branch="false" />
            <line number="126" hits="24" branch="false" />
            <line number="127" hits="24" branch="false" />
            <line number="128" hits="24" branch="false" />
            <line number="129" hits="24" branch="false" />
            <line number="130" hits="24" branch="false" />
            <line number="131" hits="24" branch="false" />
            <line number="132" hits="0" branch="true" condition-coverage="0% (0/2)" />
            <line number="133" hits="0" branch="false" />
            <line number="134" hits="0" branch="false" />
            <line number="135" hits="24" branch="false" />
            <line number="136" hits="24" branch="false" />
            <line number="137" hits="24" branch="false" />
            <line number="138" hits="54" branch="false" />
            <line number="141" hits="30" branch="false" />
            <line number="142" hits="30" branch="false" />
            <line number="145" hits="30" branch="false" />
            <line number="146" hits="30" branch="false" />
            <line number="147" hits="30" branch="false" />
            <line number="148" hits="30" branch="false" />
            <line number="149" hits="30" branch="false" />
            <line number="150" hits="30" branch="false" />
            <line number="151" hits="30" branch="false" />
            <line number="152" hits="30" branch="false" />
            <line number="153" hits="30" branch="false" />
            <line number="154" hits="30" branch="false" />
            <line number="155" hits="30" branch="false" />
            <line number="156" hits="30" branch="false" />
            <line number="157" hits="30" branch="true" condition-coverage="50% (1/2)" />
            <line number="158" hits="30" branch="false" />
            <line number="159" hits="30" branch="false" />
            <line number="160" hits="30" branch="false" />
            <line number="161" hits="30" branch="false" />
            <line number="162" hits="30" branch="false" />
            <line number="163" hits="30" branch="false" />
            <line number="164" hits="30" branch="false" />
            <line number="165" hits="30" branch="false" />
            <line number="166" hits="30" branch="false" />
            <line number="167" hits="30" branch="false" />
            <line number="168" hits="60" branch="false" />
            <line number="170" hits="30" branch="false" />
            <line number="171" hits="30" branch="false" />
            <line number="172" hits="30" branch="false" />
            <line number="173" hits="30" branch="false" />
            <line number="175" hits="30" branch="false" />
            <line number="176" hits="30" branch="false" />
            <line number="177" hits="30" branch="false" />
            <line number="178" hits="30" branch="false" />
            <line number="179" hits="30" branch="false" />
            <line number="181" hits="30" branch="false" />
            <line number="182" hits="30" branch="false" />
            <line number="183" hits="30" branch="false" />
            <line number="184" hits="30" branch="false" />
            <line number="185" hits="30" branch="false" />
            <line number="186" hits="30" branch="false" />
            <line number="187" hits="30" branch="false" />
            <line number="188" hits="30" branch="false" />
            <line number="189" hits="30" branch="false" />
            <line number="190" hits="30" branch="false" />
            <line number="191" hits="30" branch="false" />
            <line number="192" hits="30" branch="false" />
            <line number="193" hits="30" branch="true" condition-coverage="0% (0/4)" />
            <line number="194" hits="30" branch="false" />
            <line number="195" hits="30" branch="false" />
            <line number="196" hits="30" branch="false" />
            <line number="197" hits="30" branch="true" condition-coverage="100% (2/2)" />
            <line number="198" hits="30" branch="false" />
            <line number="199" hits="30" branch="false" />
            <line number="200" hits="30" branch="false" />
            <line number="201" hits="30" branch="false" />
            <line number="202" hits="30" branch="false" />
            <line number="203" hits="30" branch="false" />
            <line number="204" hits="30" branch="false" />
            <line number="205" hits="30" branch="false" />
            <line number="206" hits="30" branch="false" />
            <line number="207" hits="30" branch="false" />
            <line number="208" hits="30" branch="false" />
            <line number="209" hits="30" branch="false" />
            <line number="210" hits="30" branch="false" />
            <line number="211" hits="30" branch="false" />
            <line number="212" hits="30" branch="false" />
            <line number="213" hits="30" branch="false" />
            <line number="214" hits="30" branch="false" />
            <line number="215" hits="30" branch="false" />
            <line number="216" hits="30" branch="false" />
            <line number="217" hits="30" branch="false" />
            <line number="218" hits="30" branch="false" />
            <line number="219" hits="30" branch="false" />
            <line number="220" hits="30" branch="false" />
            <line number="221" hits="30" branch="false" />
            <line number="222" hits="30" branch="false" />
            <line number="223" hits="30" branch="false" />
            <line number="224" hits="30" branch="false" />
            <line number="225" hits="30" branch="false" />
            <line number="226" hits="30" branch="false" />
            <line number="227" hits="30" branch="false" />
            <line number="228" hits="30" branch="false" />
            <line number="229" hits="30" branch="false" />
            <line number="230" hits="30" branch="false" />
            <line number="231" hits="30" branch="false" />
            <line number="232" hits="30" branch="false" />
            <line number="233" hits="30" branch="false" />
            <line number="234" hits="30" branch="false" />
            <line number="235" hits="30" branch="false" />
            <line number="236" hits="30" branch="false" />
            <line number="237" hits="30" branch="false" />
            <line number="238" hits="60" branch="false" />
            <line number="240" hits="30" branch="true" condition-coverage="50% (1/2)" />
            <line number="241" hits="30" branch="false" />
            <line number="243" hits="30" branch="false" />
            <line number="245" hits="30" branch="false" />
            <line number="247" hits="30" branch="true" condition-coverage="100% (2/2)" />
            <line number="249" hits="30" branch="false" />
            <line number="250" hits="30" branch="false" />
            <line number="251" hits="30" branch="false" />
            <line number="252" hits="30" branch="false" />
            <line number="253" hits="30" branch="false" />
            <line number="254" hits="30" branch="false" />
            <line number="255" hits="30" branch="false" />
            <line number="256" hits="30" branch="false" />
            <line number="257" hits="30" branch="false" />
            <line number="258" hits="60" branch="false" />
            <line number="261" hits="30" branch="false" />
            <line number="262" hits="30" branch="false" />
            <line number="263" hits="30" branch="false" />
            <line number="265" hits="60" branch="false" />
            <line number="266" hits="60" branch="false" />
            <line number="267" hits="10" branch="false" />
            <line number="268" hits="10" branch="false" />
            <line number="269" hits="10" branch="false" />
            <line number="270" hits="6" branch="false" />
            <line number="271" hits="2" branch="false" />
            <line number="272" hits="2" branch="false" />
            <line number="273" hits="0" branch="false" />
            <line number="274" hits="10" branch="false" />
            <line number="275" hits="60" branch="false" />
            <line number="276" hits="10" branch="false" />
            <line number="277" hits="0" branch="false" />
            <line number="278" hits="0" branch="false" />
            <line number="279" hits="60" branch="false" />
            <line number="280" hits="10" branch="false" />
            <line number="281" hits="10" branch="false" />
            <line number="282" hits="70" branch="false" />
            <line number="284" hits="30" branch="false" />
            <line number="286" hits="30" branch="false" />
            <line number="288" hits="30" branch="false" />
            <line number="289" hits="60" branch="false" />
            <line number="290" hits="60" branch="false" />
            <line number="291" hits="18" branch="true" condition-coverage="100% (4/4)" />
            <line number="292" hits="18" branch="false" />
            <line number="293" hits="18" branch="false" />
            <line number="294" hits="18" branch="false" />
            <line number="295" hits="18" branch="true" condition-coverage="67% (4/6)" />
            <line number="296" hits="78" branch="false" />
            <line number="299" hits="30" branch="false" />
            <line number="300" hits="30" branch="false" />
            <line number="303" hits="30" branch="false" />
            <line number="304" hits="30" branch="false" />
            <line number="306" hits="30" branch="false" />
            <line number="307" hits="30" branch="false" />
            <line number="308" hits="30" branch="false" />
            <line number="309" hits="30" branch="false" />
            <line number="310" hits="0" branch="false" />
            <line number="311" hits="30" branch="false" />
            <line number="312" hits="30" branch="false" />
            <line number="314" hits="30" branch="false" />
            <line number="316" hits="30" branch="false" />
          </lines>
        </class>
      </classes>
    </package>
  </packages>
</coverage>